# JRE version: OpenJDK Runtime Environment (14.0.1+7) (build 14.0.1+7)
# Java VM: OpenJDK 64-Bit Server VM (14.0.1+7, mixed mode, sharing, tiered, compressed oops, g1 gc, bsd-amd64)
Heap:
 garbage-first heap   total 58368K, used 33544K [0x0000000780000000, 0x0000000800000000)
  region size 1024K, 27 young (27648K), 7 survivors (7168K)
 Metaspace       used 23462K, capacity 24229K, committed 24576K, reserved 1071104K
  class space    used 3015K, capacity 3327K, committed 3328K, reserved 1048576K
GC Heap History (6 events):
Event: 1.194 GC heap before
{Heap before GC invocations=0 (full 0):
 garbage-first heap   total 133120K, used 13104K [0x0000000780000000, 0x0000000800000000)
  region size 1024K, 13 young (13312K), 0 survivors (0K)
 Metaspace       used 1638K, capacity 5101K, committed 5248K, reserved 1056768K
  class space    used 175K, capacity 510K, committed 640K, reserved 1048576K
}
Event: 1.198 GC heap after
{Heap after GC invocations=1 (full 0):
 garbage-first heap   total 133120K, used 5448K [0x0000000780000000, 0x0000000800000000)
  region size 1024K, 2 young (2048K), 2 survivors (2048K)
 Metaspace       used 1638K, capacity 5101K, committed 5248K, reserved 1056768K
  class space    used 175K, capacity 510K, committed 640K, reserved 1048576K
}
Event: 2.477 GC heap before
{Heap before GC invocations=1 (full 0):
 garbage-first heap   total 133120K, used 19784K [0x0000000780000000, 0x0000000800000000)
  region size 1024K, 17 young (17408K), 2 survivors (2048K)
 Metaspace       used 6554K, capacity 7894K, committed 8064K, reserved 1056768K
  class space    used 709K, capacity 893K, committed 896K, reserved 1048576K
}
Event: 2.482 GC heap after
{Heap after GC invocations=2 (full 0):
 garbage-first heap   total 133120K, used 7091K [0x0000000780000000, 0x0000000800000000)
  region size 1024K, 2 young (2048K), 2 survivors (2048K)
 Metaspace       used 6554K, capacity 7894K, committed 8064K, reserved 1056768K
  class space    used 709K, capacity 893K, committed 896K, reserved 1048576K
}
Event: 6.784 GC heap before
{Heap before GC invocations=2 (full 0):
 garbage-first heap   total 133120K, used 56243K [0x0000000780000000, 0x0000000800000000)
  region size 1024K, 49 young (50176K), 2 survivors (2048K)
 Metaspace       used 20234K, capacity 20945K, committed 21248K, reserved 1067008K
  class space    used 2764K, capacity 3037K, committed 3072K, reserved 1048576K
}
Event: 6.794 GC heap after
{Heap after GC invocations=3 (full 0):
 garbage-first heap   total 133120K, used 14088K [0x0000000780000000, 0x0000000800000000)
  region size 1024K, 7 young (7168K), 7 survivors (7168K)
 Metaspace       used 20234K, capacity 20945K, committed 21248K, reserved 1067008K
  class space    used 2764K, capacity 3037K, committed 3072K, reserved 1048576K
}

